CRITICAL - 2021-10-23 15:34:24 --> The framework needs the following extension(s) installed and loaded: intl.
#0 C:\Users\CSober\Desktop\framework-4.1.4\system\CodeIgniter.php(218): CodeIgniter\Exceptions\FrameworkException::forMissingExtension('intl')
#1 C:\Users\CSober\Desktop\framework-4.1.4\system\CodeIgniter.php(176): CodeIgniter\CodeIgniter->resolvePlatformExtensions()
#2 C:\Users\CSober\Desktop\framework-4.1.4\system\bootstrap.php(146): CodeIgniter\CodeIgniter->initialize()
#3 C:\Users\CSober\Desktop\framework-4.1.4\spark(45): require('C:\\Users\\CSober...')
#4 {main}
CRITICAL - 2021-10-23 15:56:50 --> The framework needs the following extension(s) installed and loaded: intl.
#0 C:\Users\CSober\Desktop\framework-4.1.4\system\CodeIgniter.php(218): CodeIgniter\Exceptions\FrameworkException::forMissingExtension('intl')
#1 C:\Users\CSober\Desktop\framework-4.1.4\system\CodeIgniter.php(176): CodeIgniter\CodeIgniter->resolvePlatformExtensions()
#2 C:\Users\CSober\Desktop\framework-4.1.4\system\bootstrap.php(146): CodeIgniter\CodeIgniter->initialize()
#3 C:\Users\CSober\Desktop\framework-4.1.4\spark(45): require('C:\\Users\\CSober...')
#4 {main}
ERROR - 2021-10-23 10:40:05 --> Unknown column 'id' in 'where clause'
CRITICAL - 2021-10-23 10:59:36 --> Invalid file: welcome_message.php
#0 C:\Users\CSober\Desktop\framework-4.1.4\system\View\View.php(198): CodeIgniter\Exceptions\FrameworkException::forInvalidFile('welcome_message...')
#1 C:\Users\CSober\Desktop\framework-4.1.4\system\Common.php(1092): CodeIgniter\View\View->render('welcome_message', Array, true)
#2 C:\Users\CSober\Desktop\framework-4.1.4\app\Controllers\Home.php(9): view('welcome_message')
#3 C:\Users\CSober\Desktop\framework-4.1.4\system\CodeIgniter.php(802): App\Controllers\Home->index()
#4 C:\Users\CSober\Desktop\framework-4.1.4\system\CodeIgniter.php(399): CodeIgniter\CodeIgniter->runController(Object(App\Controllers\Home))
#5 C:\Users\CSober\Desktop\framework-4.1.4\system\CodeIgniter.php(317): CodeIgniter\CodeIgniter->handleRequest(NULL, Object(Config\Cache), false)
#6 C:\Users\CSober\Desktop\framework-4.1.4\public\index.php(37): CodeIgniter\CodeIgniter->run()
#7 {main}
CRITICAL - 2021-10-23 11:00:41 --> Invalid file: welcome_message.php
#0 C:\Users\CSober\Desktop\framework-4.1.4\system\View\View.php(198): CodeIgniter\Exceptions\FrameworkException::forInvalidFile('welcome_message...')
#1 C:\Users\CSober\Desktop\framework-4.1.4\system\Common.php(1092): CodeIgniter\View\View->render('welcome_message', Array, true)
#2 C:\Users\CSober\Desktop\framework-4.1.4\app\Controllers\Home.php(9): view('welcome_message')
#3 C:\Users\CSober\Desktop\framework-4.1.4\system\CodeIgniter.php(802): App\Controllers\Home->index()
#4 C:\Users\CSober\Desktop\framework-4.1.4\system\CodeIgniter.php(399): CodeIgniter\CodeIgniter->runController(Object(App\Controllers\Home))
#5 C:\Users\CSober\Desktop\framework-4.1.4\system\CodeIgniter.php(317): CodeIgniter\CodeIgniter->handleRequest(NULL, Object(Config\Cache), false)
#6 C:\Users\CSober\Desktop\framework-4.1.4\public\index.php(37): CodeIgniter\CodeIgniter->run()
#7 {main}
CRITICAL - 2021-10-23 11:01:11 --> Invalid file: welcome_message.php
#0 C:\Users\CSober\Desktop\framework-4.1.4\system\View\View.php(198): CodeIgniter\Exceptions\FrameworkException::forInvalidFile('welcome_message...')
#1 C:\Users\CSober\Desktop\framework-4.1.4\system\Common.php(1092): CodeIgniter\View\View->render('welcome_message', Array, true)
#2 C:\Users\CSober\Desktop\framework-4.1.4\app\Controllers\Home.php(9): view('welcome_message')
#3 C:\Users\CSober\Desktop\framework-4.1.4\system\CodeIgniter.php(802): App\Controllers\Home->index()
#4 C:\Users\CSober\Desktop\framework-4.1.4\system\CodeIgniter.php(399): CodeIgniter\CodeIgniter->runController(Object(App\Controllers\Home))
#5 C:\Users\CSober\Desktop\framework-4.1.4\system\CodeIgniter.php(317): CodeIgniter\CodeIgniter->handleRequest(NULL, Object(Config\Cache), false)
#6 C:\Users\CSober\Desktop\framework-4.1.4\public\index.php(37): CodeIgniter\CodeIgniter->run()
#7 {main}
CRITICAL - 2021-10-23 11:01:12 --> Invalid file: welcome_message.php
#0 C:\Users\CSober\Desktop\framework-4.1.4\system\View\View.php(198): CodeIgniter\Exceptions\FrameworkException::forInvalidFile('welcome_message...')
#1 C:\Users\CSober\Desktop\framework-4.1.4\system\Common.php(1092): CodeIgniter\View\View->render('welcome_message', Array, true)
#2 C:\Users\CSober\Desktop\framework-4.1.4\app\Controllers\Home.php(9): view('welcome_message')
#3 C:\Users\CSober\Desktop\framework-4.1.4\system\CodeIgniter.php(802): App\Controllers\Home->index()
#4 C:\Users\CSober\Desktop\framework-4.1.4\system\CodeIgniter.php(399): CodeIgniter\CodeIgniter->runController(Object(App\Controllers\Home))
#5 C:\Users\CSober\Desktop\framework-4.1.4\system\CodeIgniter.php(317): CodeIgniter\CodeIgniter->handleRequest(NULL, Object(Config\Cache), false)
#6 C:\Users\CSober\Desktop\framework-4.1.4\public\index.php(37): CodeIgniter\CodeIgniter->run()
#7 {main}
CRITICAL - 2021-10-23 11:01:16 --> Invalid file: welcome_message.php
#0 C:\Users\CSober\Desktop\framework-4.1.4\system\View\View.php(198): CodeIgniter\Exceptions\FrameworkException::forInvalidFile('welcome_message...')
#1 C:\Users\CSober\Desktop\framework-4.1.4\system\Common.php(1092): CodeIgniter\View\View->render('welcome_message', Array, true)
#2 C:\Users\CSober\Desktop\framework-4.1.4\app\Controllers\Home.php(9): view('welcome_message')
#3 C:\Users\CSober\Desktop\framework-4.1.4\system\CodeIgniter.php(802): App\Controllers\Home->index()
#4 C:\Users\CSober\Desktop\framework-4.1.4\system\CodeIgniter.php(399): CodeIgniter\CodeIgniter->runController(Object(App\Controllers\Home))
#5 C:\Users\CSober\Desktop\framework-4.1.4\system\CodeIgniter.php(317): CodeIgniter\CodeIgniter->handleRequest(NULL, Object(Config\Cache), false)
#6 C:\Users\CSober\Desktop\framework-4.1.4\public\index.php(37): CodeIgniter\CodeIgniter->run()
#7 C:\Users\CSober\Desktop\framework-4.1.4\system\Commands\Server\rewrite.php(43): require_once('C:\\Users\\CSober...')
#8 {main}
CRITICAL - 2021-10-23 11:01:19 --> Invalid file: welcome_message.php
#0 C:\Users\CSober\Desktop\framework-4.1.4\system\View\View.php(198): CodeIgniter\Exceptions\FrameworkException::forInvalidFile('welcome_message...')
#1 C:\Users\CSober\Desktop\framework-4.1.4\system\Common.php(1092): CodeIgniter\View\View->render('welcome_message', Array, true)
#2 C:\Users\CSober\Desktop\framework-4.1.4\app\Controllers\Home.php(9): view('welcome_message')
#3 C:\Users\CSober\Desktop\framework-4.1.4\system\CodeIgniter.php(802): App\Controllers\Home->index()
#4 C:\Users\CSober\Desktop\framework-4.1.4\system\CodeIgniter.php(399): CodeIgniter\CodeIgniter->runController(Object(App\Controllers\Home))
#5 C:\Users\CSober\Desktop\framework-4.1.4\system\CodeIgniter.php(317): CodeIgniter\CodeIgniter->handleRequest(NULL, Object(Config\Cache), false)
#6 C:\Users\CSober\Desktop\framework-4.1.4\public\index.php(37): CodeIgniter\CodeIgniter->run()
#7 C:\Users\CSober\Desktop\framework-4.1.4\system\Commands\Server\rewrite.php(43): require_once('C:\\Users\\CSober...')
#8 {main}
CRITICAL - 2021-10-23 11:05:12 --> Invalid file: lun.php
#0 C:\Users\CSober\Desktop\framework-4.1.4\system\View\View.php(198): CodeIgniter\Exceptions\FrameworkException::forInvalidFile('lun.php')
#1 C:\Users\CSober\Desktop\framework-4.1.4\system\Common.php(1092): CodeIgniter\View\View->render('lun', Array, true)
#2 C:\Users\CSober\Desktop\framework-4.1.4\app\Controllers\Addregis.php(12): view('lun', Array)
#3 C:\Users\CSober\Desktop\framework-4.1.4\system\CodeIgniter.php(802): App\Controllers\Addregis->index()
#4 C:\Users\CSober\Desktop\framework-4.1.4\system\CodeIgniter.php(399): CodeIgniter\CodeIgniter->runController(Object(App\Controllers\Addregis))
#5 C:\Users\CSober\Desktop\framework-4.1.4\system\CodeIgniter.php(317): CodeIgniter\CodeIgniter->handleRequest(NULL, Object(Config\Cache), false)
#6 C:\Users\CSober\Desktop\framework-4.1.4\public\index.php(37): CodeIgniter\CodeIgniter->run()
#7 C:\Users\CSober\Desktop\framework-4.1.4\system\Commands\Server\rewrite.php(43): require_once('C:\\Users\\CSober...')
#8 {main}
CRITICAL - 2021-10-23 11:13:16 --> Call to a member function get() on null
#0 C:\Users\CSober\Desktop\framework-4.1.4\system\View\View.php(214): include()
#1 C:\Users\CSober\Desktop\framework-4.1.4\system\View\View.php(217): CodeIgniter\View\View->CodeIgniter\View\{closure}()
#2 C:\Users\CSober\Desktop\framework-4.1.4\system\Common.php(1092): CodeIgniter\View\View->render('addregis', Array, true)
#3 C:\Users\CSober\Desktop\framework-4.1.4\app\Controllers\Addregis.php(12): view('addregis', Array)
#4 C:\Users\CSober\Desktop\framework-4.1.4\system\CodeIgniter.php(802): App\Controllers\addregis->index()
#5 C:\Users\CSober\Desktop\framework-4.1.4\system\CodeIgniter.php(399): CodeIgniter\CodeIgniter->runController(Object(App\Controllers\addregis))
#6 C:\Users\CSober\Desktop\framework-4.1.4\system\CodeIgniter.php(317): CodeIgniter\CodeIgniter->handleRequest(NULL, Object(Config\Cache), false)
#7 C:\Users\CSober\Desktop\framework-4.1.4\public\index.php(37): CodeIgniter\CodeIgniter->run()
#8 C:\Users\CSober\Desktop\framework-4.1.4\system\Commands\Server\rewrite.php(43): require_once('C:\\Users\\CSober...')
#9 {main}
CRITICAL - 2021-10-23 11:13:34 --> Call to a member function get() on null
#0 C:\Users\CSober\Desktop\framework-4.1.4\system\View\View.php(214): include()
#1 C:\Users\CSober\Desktop\framework-4.1.4\system\View\View.php(217): CodeIgniter\View\View->CodeIgniter\View\{closure}()
#2 C:\Users\CSober\Desktop\framework-4.1.4\system\Common.php(1092): CodeIgniter\View\View->render('addregis', Array, true)
#3 C:\Users\CSober\Desktop\framework-4.1.4\app\Controllers\Addregis.php(12): view('addregis', Array)
#4 C:\Users\CSober\Desktop\framework-4.1.4\system\CodeIgniter.php(802): App\Controllers\addregis->index()
#5 C:\Users\CSober\Desktop\framework-4.1.4\system\CodeIgniter.php(399): CodeIgniter\CodeIgniter->runController(Object(App\Controllers\addregis))
#6 C:\Users\CSober\Desktop\framework-4.1.4\system\CodeIgniter.php(317): CodeIgniter\CodeIgniter->handleRequest(NULL, Object(Config\Cache), false)
#7 C:\Users\CSober\Desktop\framework-4.1.4\public\index.php(37): CodeIgniter\CodeIgniter->run()
#8 C:\Users\CSober\Desktop\framework-4.1.4\system\Commands\Server\rewrite.php(43): require_once('C:\\Users\\CSober...')
#9 {main}
CRITICAL - 2021-10-23 11:14:05 --> Call to a member function get() on null
#0 C:\Users\CSober\Desktop\framework-4.1.4\system\View\View.php(214): include()
#1 C:\Users\CSober\Desktop\framework-4.1.4\system\View\View.php(217): CodeIgniter\View\View->CodeIgniter\View\{closure}()
#2 C:\Users\CSober\Desktop\framework-4.1.4\system\Common.php(1092): CodeIgniter\View\View->render('addregis', Array, true)
#3 C:\Users\CSober\Desktop\framework-4.1.4\app\Controllers\Addregis.php(12): view('addregis', Array)
#4 C:\Users\CSober\Desktop\framework-4.1.4\system\CodeIgniter.php(802): App\Controllers\addregis->index()
#5 C:\Users\CSober\Desktop\framework-4.1.4\system\CodeIgniter.php(399): CodeIgniter\CodeIgniter->runController(Object(App\Controllers\addregis))
#6 C:\Users\CSober\Desktop\framework-4.1.4\system\CodeIgniter.php(317): CodeIgniter\CodeIgniter->handleRequest(NULL, Object(Config\Cache), false)
#7 C:\Users\CSober\Desktop\framework-4.1.4\public\index.php(37): CodeIgniter\CodeIgniter->run()
#8 C:\Users\CSober\Desktop\framework-4.1.4\system\Commands\Server\rewrite.php(43): require_once('C:\\Users\\CSober...')
#9 {main}
CRITICAL - 2021-10-23 11:15:34 --> Call to a member function get() on null
#0 C:\Users\CSober\Desktop\framework-4.1.4\system\View\View.php(214): include()
#1 C:\Users\CSober\Desktop\framework-4.1.4\system\View\View.php(217): CodeIgniter\View\View->CodeIgniter\View\{closure}()
#2 C:\Users\CSober\Desktop\framework-4.1.4\system\Common.php(1092): CodeIgniter\View\View->render('addregis', Array, true)
#3 C:\Users\CSober\Desktop\framework-4.1.4\app\Controllers\Addregis.php(12): view('addregis', Array)
#4 C:\Users\CSober\Desktop\framework-4.1.4\system\CodeIgniter.php(802): App\Controllers\addregis->index()
#5 C:\Users\CSober\Desktop\framework-4.1.4\system\CodeIgniter.php(399): CodeIgniter\CodeIgniter->runController(Object(App\Controllers\addregis))
#6 C:\Users\CSober\Desktop\framework-4.1.4\system\CodeIgniter.php(317): CodeIgniter\CodeIgniter->handleRequest(NULL, Object(Config\Cache), false)
#7 C:\Users\CSober\Desktop\framework-4.1.4\public\index.php(37): CodeIgniter\CodeIgniter->run()
#8 C:\Users\CSober\Desktop\framework-4.1.4\system\Commands\Server\rewrite.php(43): require_once('C:\\Users\\CSober...')
#9 {main}
CRITICAL - 2021-10-23 11:18:02 --> Call to a member function get() on null
#0 C:\Users\CSober\Desktop\framework-4.1.4\system\View\View.php(214): include()
#1 C:\Users\CSober\Desktop\framework-4.1.4\system\View\View.php(217): CodeIgniter\View\View->CodeIgniter\View\{closure}()
#2 C:\Users\CSober\Desktop\framework-4.1.4\system\Common.php(1092): CodeIgniter\View\View->render('addregis', Array, true)
#3 C:\Users\CSober\Desktop\framework-4.1.4\app\Controllers\Addregis.php(12): view('addregis', Array)
#4 C:\Users\CSober\Desktop\framework-4.1.4\system\CodeIgniter.php(802): App\Controllers\Addregis->index()
#5 C:\Users\CSober\Desktop\framework-4.1.4\system\CodeIgniter.php(399): CodeIgniter\CodeIgniter->runController(Object(App\Controllers\Addregis))
#6 C:\Users\CSober\Desktop\framework-4.1.4\system\CodeIgniter.php(317): CodeIgniter\CodeIgniter->handleRequest(NULL, Object(Config\Cache), false)
#7 C:\Users\CSober\Desktop\framework-4.1.4\public\index.php(37): CodeIgniter\CodeIgniter->run()
#8 C:\Users\CSober\Desktop\framework-4.1.4\system\Commands\Server\rewrite.php(43): require_once('C:\\Users\\CSober...')
#9 {main}
CRITICAL - 2021-10-23 11:19:04 --> Call to a member function get() on null
#0 C:\Users\CSober\Desktop\framework-4.1.4\system\View\View.php(214): include()
#1 C:\Users\CSober\Desktop\framework-4.1.4\system\View\View.php(217): CodeIgniter\View\View->CodeIgniter\View\{closure}()
#2 C:\Users\CSober\Desktop\framework-4.1.4\system\Common.php(1092): CodeIgniter\View\View->render('addregis', Array, true)
#3 C:\Users\CSober\Desktop\framework-4.1.4\app\Controllers\Addregis.php(12): view('addregis', Array)
#4 C:\Users\CSober\Desktop\framework-4.1.4\system\CodeIgniter.php(802): App\Controllers\Addregis->index()
#5 C:\Users\CSober\Desktop\framework-4.1.4\system\CodeIgniter.php(399): CodeIgniter\CodeIgniter->runController(Object(App\Controllers\Addregis))
#6 C:\Users\CSober\Desktop\framework-4.1.4\system\CodeIgniter.php(317): CodeIgniter\CodeIgniter->handleRequest(NULL, Object(Config\Cache), false)
#7 C:\Users\CSober\Desktop\framework-4.1.4\public\index.php(37): CodeIgniter\CodeIgniter->run()
#8 C:\Users\CSober\Desktop\framework-4.1.4\system\Commands\Server\rewrite.php(43): require_once('C:\\Users\\CSober...')
#9 {main}
CRITICAL - 2021-10-23 11:19:05 --> Call to a member function get() on null
#0 C:\Users\CSober\Desktop\framework-4.1.4\system\View\View.php(214): include()
#1 C:\Users\CSober\Desktop\framework-4.1.4\system\View\View.php(217): CodeIgniter\View\View->CodeIgniter\View\{closure}()
#2 C:\Users\CSober\Desktop\framework-4.1.4\system\Common.php(1092): CodeIgniter\View\View->render('addregis', Array, true)
#3 C:\Users\CSober\Desktop\framework-4.1.4\app\Controllers\Addregis.php(12): view('addregis', Array)
#4 C:\Users\CSober\Desktop\framework-4.1.4\system\CodeIgniter.php(802): App\Controllers\Addregis->index()
#5 C:\Users\CSober\Desktop\framework-4.1.4\system\CodeIgniter.php(399): CodeIgniter\CodeIgniter->runController(Object(App\Controllers\Addregis))
#6 C:\Users\CSober\Desktop\framework-4.1.4\system\CodeIgniter.php(317): CodeIgniter\CodeIgniter->handleRequest(NULL, Object(Config\Cache), false)
#7 C:\Users\CSober\Desktop\framework-4.1.4\public\index.php(37): CodeIgniter\CodeIgniter->run()
#8 C:\Users\CSober\Desktop\framework-4.1.4\system\Commands\Server\rewrite.php(43): require_once('C:\\Users\\CSober...')
#9 {main}
CRITICAL - 2021-10-23 11:19:06 --> Call to a member function get() on null
#0 C:\Users\CSober\Desktop\framework-4.1.4\system\View\View.php(214): include()
#1 C:\Users\CSober\Desktop\framework-4.1.4\system\View\View.php(217): CodeIgniter\View\View->CodeIgniter\View\{closure}()
#2 C:\Users\CSober\Desktop\framework-4.1.4\system\Common.php(1092): CodeIgniter\View\View->render('addregis', Array, true)
#3 C:\Users\CSober\Desktop\framework-4.1.4\app\Controllers\Addregis.php(12): view('addregis', Array)
#4 C:\Users\CSober\Desktop\framework-4.1.4\system\CodeIgniter.php(802): App\Controllers\Addregis->index()
#5 C:\Users\CSober\Desktop\framework-4.1.4\system\CodeIgniter.php(399): CodeIgniter\CodeIgniter->runController(Object(App\Controllers\Addregis))
#6 C:\Users\CSober\Desktop\framework-4.1.4\system\CodeIgniter.php(317): CodeIgniter\CodeIgniter->handleRequest(NULL, Object(Config\Cache), false)
#7 C:\Users\CSober\Desktop\framework-4.1.4\public\index.php(37): CodeIgniter\CodeIgniter->run()
#8 C:\Users\CSober\Desktop\framework-4.1.4\system\Commands\Server\rewrite.php(43): require_once('C:\\Users\\CSober...')
#9 {main}
